[0.017s] Invoking command in '/home/sakshi/ClutterBot/build/task': CMAKE_PREFIX_PATH=${CMAKE_PREFIX_PATH}:/home/sakshi/ClutterBot/install/turtlebot3_teleop:/home/sakshi/ClutterBot/install/turtlebot3_example:/opt/ros/foxy CONDA_PROMPT_MODIFIER=(base) /usr/bin/cmake --build /home/sakshi/ClutterBot/build/task -- -j8 -l8
[0.058s] [35m[1mScanning dependencies of target noisyodom[0m
[0.086s] [ 50%] [32mBuilding CXX object CMakeFiles/noisyodom.dir/src/noisyodom.cpp.o[0m
[2.973s] /home/sakshi/ClutterBot/src/task/src/noisyodom.cpp: In member function â€˜void NoisyOdometryNode::odom_callback(nav_msgs::msg::Odometry_<std::allocator<void> >::SharedPtr)â€™:
[2.974s] /home/sakshi/ClutterBot/src/task/src/noisyodom.cpp:62:21: error: â€˜class std::shared_ptr<tf2_ros::TransformBroadcaster>â€™ has no member named â€˜sendTransformâ€™
[2.974s]    62 |     tf_broadcaster_.sendTransform(transform_stamped);
[2.974s]       |                     ^~~~~~~~~~~~~
[3.011s] make[2]: *** [CMakeFiles/noisyodom.dir/build.make:63: CMakeFiles/noisyodom.dir/src/noisyodom.cpp.o] Error 1
[3.012s] make[1]: *** [CMakeFiles/Makefile2:78: CMakeFiles/noisyodom.dir/all] Error 2
[3.013s] make: *** [Makefile:141: all] Error 2
[3.019s] Invoked command in '/home/sakshi/ClutterBot/build/task' returned '2': CMAKE_PREFIX_PATH=${CMAKE_PREFIX_PATH}:/home/sakshi/ClutterBot/install/turtlebot3_teleop:/home/sakshi/ClutterBot/install/turtlebot3_example:/opt/ros/foxy CONDA_PROMPT_MODIFIER=(base) /usr/bin/cmake --build /home/sakshi/ClutterBot/build/task -- -j8 -l8
