[0.021s] Invoking command in '/home/sakshi/ClutterBot/build/task': CMAKE_PREFIX_PATH=${CMAKE_PREFIX_PATH}:/home/sakshi/ClutterBot/install/turtlebot3_teleop:/home/sakshi/ClutterBot/install/turtlebot3_example:/opt/ros/foxy /usr/bin/cmake --build /home/sakshi/ClutterBot/build/task -- -j8 -l8
[0.300s] [35m[1mScanning dependencies of target noisyodom[0m
[0.341s] [ 50%] [32mBuilding CXX object CMakeFiles/noisyodom.dir/src/noisyodom.cpp.o[0m
[4.154s] /home/sakshi/ClutterBot/src/task/src/noisyodom.cpp: In member function â€˜void NoiseNode::odomCallback(nav_msgs::msg::Odometry_<std::allocator<void> >::SharedPtr)â€™:
[4.155s] /home/sakshi/ClutterBot/src/task/src/noisyodom.cpp:46:34: error: â€˜toMsgâ€™ is not a member of â€˜tf2â€™
[4.155s]    46 |     tf.transform.rotation = tf2::toMsg(q.normalize());
[4.155s]       |                                  ^~~~~
[4.155s] /home/sakshi/ClutterBot/src/task/src/noisyodom.cpp: In member function â€˜double NoiseNode::getNoise()â€™:
[4.155s] /home/sakshi/ClutterBot/src/task/src/noisyodom.cpp:53:17: error: â€˜random_deviceâ€™ in namespace â€˜stdâ€™ does not name a type
[4.155s]    53 |     static std::random_device rd;
[4.155s]       |                 ^~~~~~~~~~~~~
[4.155s] /home/sakshi/ClutterBot/src/task/src/noisyodom.cpp:54:17: error: â€˜mt19937â€™ in namespace â€˜stdâ€™ does not name a type
[4.156s]    54 |     static std::mt19937 gen(rd());
[4.156s]       |                 ^~~~~~~
[4.156s] /home/sakshi/ClutterBot/src/task/src/noisyodom.cpp:55:17: error: â€˜normal_distributionâ€™ in namespace â€˜stdâ€™ does not name a template type; did you mean â€˜uniform_int_distributionâ€™?
[4.156s]    55 |     static std::normal_distribution<> d(0.0, 0.1); // Mean 0, standard deviation 0.1
[4.156s]       |                 ^~~~~~~~~~~~~~~~~~~
[4.156s]       |                 uniform_int_distribution
[4.156s] /home/sakshi/ClutterBot/src/task/src/noisyodom.cpp:56:14: error: â€˜genâ€™ was not declared in this scope
[4.156s]    56 |     return d(gen);
[4.156s]       |              ^~~
[4.156s] /home/sakshi/ClutterBot/src/task/src/noisyodom.cpp:56:12: error: â€˜dâ€™ was not declared in this scope
[4.156s]    56 |     return d(gen);
[4.156s]       |            ^
[4.200s] make[2]: *** [CMakeFiles/noisyodom.dir/build.make:63: CMakeFiles/noisyodom.dir/src/noisyodom.cpp.o] Error 1
[4.201s] make[1]: *** [CMakeFiles/Makefile2:78: CMakeFiles/noisyodom.dir/all] Error 2
[4.201s] make: *** [Makefile:141: all] Error 2
[4.206s] Invoked command in '/home/sakshi/ClutterBot/build/task' returned '2': CMAKE_PREFIX_PATH=${CMAKE_PREFIX_PATH}:/home/sakshi/ClutterBot/install/turtlebot3_teleop:/home/sakshi/ClutterBot/install/turtlebot3_example:/opt/ros/foxy /usr/bin/cmake --build /home/sakshi/ClutterBot/build/task -- -j8 -l8
